
Copyright (C) 1994-2018 Synopsys, Inc.
This Synopsys software and all associated documentation are proprietary to Synopsys, Inc.
and may only be used pursuant to the terms and conditions of a written license agreement
with Synopsys, Inc. All other use, reproduction, modification, or distribution of the
Synopsys software or the associated documentation is strictly prohibited.
Tool: Synplify Pro (R)
Build: N-2018.03L-SP1-1
Install: C:\lscc\diamond\3.11_x64\synpbase
OS: Windows 6.2

Hostname: DELL-M7710

Implementation : impl1
Synopsys HDL compiler and linker, Version comp2018q2p1, Build 461R, Built Apr  1 2019 09:17:43

Modified Files: 1
FID:  path (prevtimestamp, timestamp)
6        D:\Dropbox (Personal)\Projects\gMUX Bypass\impl1\source\gMUXBypass.v (2020-06-15 11:12:31, 2020-06-15 12:39:53)

*******************************************************************
Modules that may have changed as a result of file changes: 1
MID:  lib.cell.view
0        work.gMUXBypass.verilog may have changed because the following files changed:
                        D:\Dropbox (Personal)\Projects\gMUX Bypass\impl1\source\gMUXBypass.v (2020-06-15 11:12:31, 2020-06-15 12:39:53) <-- (module definition)

*******************************************************************
Unmodified files: 6
FID:  path (timestamp)
0        C:\lscc\diamond\3.11_x64\synpbase\lib\lucent\pmi_def.v (2019-04-01 09:08:08)
1        C:\lscc\diamond\3.11_x64\synpbase\lib\lucent\xp2.v (2019-04-01 09:08:08)
2        C:\lscc\diamond\3.11_x64\synpbase\lib\vlog\hypermods.v (2019-04-01 09:07:44)
3        C:\lscc\diamond\3.11_x64\synpbase\lib\vlog\scemi_objects.v (2019-04-01 09:07:44)
4        C:\lscc\diamond\3.11_x64\synpbase\lib\vlog\scemi_pipes.svh (2019-04-01 09:07:44)
5        C:\lscc\diamond\3.11_x64\synpbase\lib\vlog\umr_capim.v (2019-04-01 09:07:44)

*******************************************************************
Unchanged modules: 0
MID:  lib.cell.view
