
Copyright (C) 1994-2018 Synopsys, Inc.
This Synopsys software and all associated documentation are proprietary to Synopsys, Inc.
and may only be used pursuant to the terms and conditions of a written license agreement
with Synopsys, Inc. All other use, reproduction, modification, or distribution of the
Synopsys software or the associated documentation is strictly prohibited.
Tool: Synplify Pro (R)
Build: N-2018.03L-SP1-1
Install: C:\lscc\diamond\3.11_x64\synpbase
OS: Windows 6.2

Hostname: DELL-M7710

Implementation : impl1

# Written on Mon Jun 15 12:40:11 2020

##### DESIGN INFO #######################################################

Top View:                "gMUXBypass"
Constraint File(s):      (none)




##### SUMMARY ############################################################

Found 0 issues in 0 out of 0 constraints


##### DETAILS ############################################################



Clock Relationships
*******************

Starting     Ending     |     rise to rise     |     fall to fall     |     rise to fall     |     fall to rise                     
-----------------------------------------------------------------------------------------------------------------------------------
===================================================================================================================================
 Note: 'No paths' indicates there are no paths in the design for that pair of clock edges.
       'Diff grp' indicates that paths exist but the starting clock and ending clock are in different clock groups.


Unconstrained Start/End Points
******************************

p:EG_RESET_L
p:GPUVCORE_EN
p:LCD_BKLT_EN
p:LCD_BKLT_PWM
p:LCD_PWR_EN
p:LVDS_A_CLK
p:LVDS_A_DATA[0]
p:LVDS_A_DATA[1]
p:LVDS_A_DATA[2]
p:LVDS_B_CLK
p:LVDS_B_DATA[0]
p:LVDS_B_DATA[1]
p:LVDS_B_DATA[2]
p:LVDS_DDC_SEL_EG
p:LVDS_DDC_SEL_IG
p:LVDS_IG_A_CLK
p:LVDS_IG_A_DATA[0]
p:LVDS_IG_A_DATA[1]
p:LVDS_IG_A_DATA[2]
p:LVDS_IG_BKL_ON
p:LVDS_IG_B_DATA[0]
p:LVDS_IG_B_DATA[1]
p:LVDS_IG_B_DATA[2]
p:LVDS_IG_PANEL_PWR
p:P1V0GPU_EN
p:P1V5FB1V8GPU_R_EN
p:P3V3GPU_EN


Inapplicable constraints
************************

(none)


Applicable constraints with issues
**********************************

(none)


Constraints with matching wildcard expressions
**********************************************

(none)


Library Report
**************


# End of Constraint Checker Report
